<?xml version="1.0" encoding="UTF-8"?>
<!-- Generated by org.testng.reporters.JUnitReportReporter -->
<testsuite hostname="SUBHADEEP" failures="0" tests="1" name="GitHub.repoReqChaining" time="5.945" errors="0" timestamp="2022-07-17T20:20:53 IST" skipped="0">
  <testcase classname="GitHub.repoReqChaining" name="Repo" time="5.945"/>
  <system-out/>
</testsuite> <!-- GitHub.repoReqChaining -->
